Build started 11/4/2015 2:26:41 PM.
     1>Project "H:\Game Assignment\game\game\game.vcxproj" on node 2 (Build target(s)).
     1>ClCompile:
         C:\Program Files (x86)\Microsoft Visual Studio 14.0\VC\bin\CL.exe /c /I"H:\Game Assignment\Libraries\SDL2_ttf-2.0.12\include" /I"H:\Game Assignment\Libraries\SDL2_mixer-2.0.0\include" /I"H:\Game Assignment\Libraries\SDL2_image-2.0.0\include" /I"H:\Game Assignment\Libraries\SDL\include" /ZI /nologo /W3 /WX- /sdl /Od /Oy- /D WIN32 /D _DEBUG /D _CONSOLE /D _UNICODE /D UNICODE /Gm /EHsc /RTC1 /MDd /GS /fp:precise /Zc:wchar_t /Zc:forScope /Zc:inline /Yc"stdafx.h" /Fp"Debug\game.pch" /Fo"Debug\\" /Fd"Debug\vc140.pdb" /Gd /TP /analyze- /errorReport:prompt MainCharacter.cpp
         MainCharacter.cpp
     1>h:\game assignment\game\game\maincharacter.cpp(78): warning C4018: '<': signed/unsigned mismatch
     1>h:\game assignment\game\game\maincharacter.cpp(94): warning C4018: '<': signed/unsigned mismatch
     1>h:\game assignment\game\game\maincharacter.cpp(126): warning C4018: '<': signed/unsigned mismatch
     1>h:\game assignment\game\game\maincharacter.cpp(135): warning C4018: '<': signed/unsigned mismatch
     1>h:\game assignment\game\game\maincharacter.cpp(151): warning C4244: 'argument': conversion from 'float' to 'int', possible loss of data
     1>h:\game assignment\game\game\maincharacter.cpp(153): warning C4244: 'argument': conversion from 'float' to 'int', possible loss of data
     1>h:\game assignment\game\game\maincharacter.cpp(220): warning C4018: '<': signed/unsigned mismatch
       Link:
         C:\Program Files (x86)\Microsoft Visual Studio 14.0\VC\bin\link.exe /ERRORREPORT:PROMPT /OUT:"H:\Game Assignment\game\Debug\game.exe" /INCREMENTAL /NOLOGO /LIBPATH:"H:\Game Assignment\Libraries\SDL2_ttf-2.0.12\lib\x86" /LIBPATH:"H:\Game Assignment\Libraries\SDL2_mixer-2.0.0\lib\x86" /LIBPATH:"H:\Game Assignment\Libraries\SDL2_image-2.0.0\lib\x86" /LIBPATH:"H:\Game Assignment\Libraries\SDL\lib\win32" SDL2_image.lib SDL2_mixer.lib SDL2.lib SDL2main.lib SDL2_ttf.lib kernel32.lib user32.lib gdi32.lib winspool.lib comdlg32.lib advapi32.lib shell32.lib ole32.lib oleaut32.lib uuid.lib odbc32.lib odbccp32.lib /MANIFEST /MANIFESTUAC:"level='asInvoker' uiAccess='false'" /manifest:embed /Debug /PDB:"H:\Game Assignment\game\Debug\game.pdb" /SUBSYSTEM:CONSOLE /TLBID:1 /DYNAMICBASE /NXCOMPAT /IMPLIB:"H:\Game Assignment\game\Debug\game.lib" /MACHINE:X86 Debug\CollisionRectangle.obj
         Debug\game.obj
         Debug\Initialize.obj
         Debug\Main.obj
         Debug\MainCharacter.obj
         Debug\Pipe.obj
         Debug\Score.obj
         Debug\Sound.obj
         Debug\Sprite.obj
         Debug\Stage1.obj
         game.vcxproj -> H:\Game Assignment\game\Debug\game.exe
     1>Done Building Project "H:\Game Assignment\game\game\game.vcxproj" (Build target(s)).

Build succeeded.

Time Elapsed 00:00:03.43
